# JRE version: OpenJDK Runtime Environment Temurin-21.0.7+6 (21.0.7+6) (build 21.0.7+6-LTS)
# Java VM: OpenJDK 64-Bit Server VM Temurin-21.0.7+6 (21.0.7+6-LTS, mixed mode, sharing, tiered, compressed oops, compressed class ptrs, parallel gc, windows-amd64)
GC Precious Log:
 CardTable entry size: 512
 CPUs: 12 total, 12 available
 Memory: 32679M
 Large Page Support: Disabled
 NUMA Support: Disabled
 Compressed Oops: Enabled (32-bit)
 Alignments: Space 512K, Generation 512K, Heap 2M
 Heap Min Capacity: 100M
 Heap Initial Capacity: 100M
 Heap Max Capacity: 1G
 Pre-touch: Disabled
 Parallel Workers: 10
Heap:
 PSYoungGen      total 24064K, used 1679K [0x00000000eab00000, 0x00000000ec480000, 0x0000000100000000)
  eden space 22016K, 0% used [0x00000000eab00000,0x00000000eab00000,0x00000000ec080000)
  from space 2048K, 82% used [0x00000000ec180000,0x00000000ec323ea0,0x00000000ec380000)
  to   space 1024K, 0% used [0x00000000ec380000,0x00000000ec380000,0x00000000ec480000)
 ParOldGen       total 68608K, used 30504K [0x00000000c0000000, 0x00000000c4300000, 0x00000000eab00000)
  object space 68608K, 44% used [0x00000000c0000000,0x00000000c1dca3c8,0x00000000c4300000)
 Metaspace       used 34712K, committed 35840K, reserved 1114112K
  class space    used 3398K, committed 3968K, reserved 1048576K
GC Heap History (20 events):
Event: 4.561 GC heap after
{Heap after GC invocations=11 (full 1):
 PSYoungGen      total 24576K, used 1180K [0x00000000eab00000, 0x00000000ec780000, 0x0000000100000000)
  eden space 23040K, 0% used [0x00000000eab00000,0x00000000eab00000,0x00000000ec180000)
  from space 1536K, 76% used [0x00000000ec600000,0x00000000ec727198,0x00000000ec780000)
  to   space 1536K, 0% used [0x00000000ec480000,0x00000000ec480000,0x00000000ec600000)
 ParOldGen       total 68608K, used 12741K [0x00000000c0000000, 0x00000000c4300000, 0x00000000eab00000)
  object space 68608K, 18% used [0x00000000c0000000,0x00000000c0c714b0,0x00000000c4300000)
 Metaspace       used 26407K, committed 27328K, reserved 1114112K
  class space    used 2533K, committed 2944K, reserved 1048576K
}
Event: 4.867 GC heap before
{Heap before GC invocations=12 (full 1):
 PSYoungGen      total 24576K, used 24220K [0x00000000eab00000, 0x00000000ec780000, 0x0000000100000000)
  eden space 23040K, 100% used [0x00000000eab00000,0x00000000ec180000,0x00000000ec180000)
  from space 1536K, 76% used [0x00000000ec600000,0x00000000ec727198,0x00000000ec780000)
  to   space 1536K, 0% used [0x00000000ec480000,0x00000000ec480000,0x00000000ec600000)
 ParOldGen       total 68608K, used 12741K [0x00000000c0000000, 0x00000000c4300000, 0x00000000eab00000)
  object space 68608K, 18% used [0x00000000c0000000,0x00000000c0c714b0,0x00000000c4300000)
 Metaspace       used 27907K, committed 28800K, reserved 1114112K
  class space    used 2635K, committed 3072K, reserved 1048576K
}
Event: 4.872 GC heap after
{Heap after GC invocations=12 (full 1):
 PSYoungGen      total 24064K, used 1511K [0x00000000eab00000, 0x00000000ec800000, 0x0000000100000000)
  eden space 22528K, 0% used [0x00000000eab00000,0x00000000eab00000,0x00000000ec100000)
  from space 1536K, 98% used [0x00000000ec480000,0x00000000ec5f9e40,0x00000000ec600000)
  to   space 2048K, 0% used [0x00000000ec600000,0x00000000ec600000,0x00000000ec800000)
 ParOldGen       total 68608K, used 14339K [0x00000000c0000000, 0x00000000c4300000, 0x00000000eab00000)
  object space 68608K, 20% used [0x00000000c0000000,0x00000000c0e00fc0,0x00000000c4300000)
 Metaspace       used 27907K, committed 28800K, reserved 1114112K
  class space    used 2635K, committed 3072K, reserved 1048576K
}
Event: 5.321 GC heap before
{Heap before GC invocations=13 (full 1):
 PSYoungGen      total 24064K, used 24038K [0x00000000eab00000, 0x00000000ec800000, 0x0000000100000000)
  eden space 22528K, 99% used [0x00000000eab00000,0x00000000ec0ff9d8,0x00000000ec100000)
  from space 1536K, 98% used [0x00000000ec480000,0x00000000ec5f9e40,0x00000000ec600000)
  to   space 2048K, 0% used [0x00000000ec600000,0x00000000ec600000,0x00000000ec800000)
 ParOldGen       total 68608K, used 14339K [0x00000000c0000000, 0x00000000c4300000, 0x00000000eab00000)
  object space 68608K, 20% used [0x00000000c0000000,0x00000000c0e00fc0,0x00000000c4300000)
 Metaspace       used 30593K, committed 31552K, reserved 1114112K
  class space    used 2910K, committed 3328K, reserved 1048576K
}
Event: 5.324 GC heap after
{Heap after GC invocations=13 (full 1):
 PSYoungGen      total 24064K, used 1997K [0x00000000eab00000, 0x00000000ec800000, 0x0000000100000000)
  eden space 22016K, 0% used [0x00000000eab00000,0x00000000eab00000,0x00000000ec080000)
  from space 2048K, 97% used [0x00000000ec600000,0x00000000ec7f37a8,0x00000000ec800000)
  to   space 2560K, 0% used [0x00000000ec300000,0x00000000ec300000,0x00000000ec580000)
 ParOldGen       total 68608K, used 15763K [0x00000000c0000000, 0x00000000c4300000, 0x00000000eab00000)
  object space 68608K, 22% used [0x00000000c0000000,0x00000000c0f64ce0,0x00000000c4300000)
 Metaspace       used 30593K, committed 31552K, reserved 1114112K
  class space    used 2910K, committed 3328K, reserved 1048576K
}
Event: 5.498 GC heap before
{Heap before GC invocations=14 (full 1):
 PSYoungGen      total 24064K, used 24013K [0x00000000eab00000, 0x00000000ec800000, 0x0000000100000000)
  eden space 22016K, 100% used [0x00000000eab00000,0x00000000ec080000,0x00000000ec080000)
  from space 2048K, 97% used [0x00000000ec600000,0x00000000ec7f37a8,0x00000000ec800000)
  to   space 2560K, 0% used [0x00000000ec300000,0x00000000ec300000,0x00000000ec580000)
 ParOldGen       total 68608K, used 15763K [0x00000000c0000000, 0x00000000c4300000, 0x00000000eab00000)
  object space 68608K, 22% used [0x00000000c0000000,0x00000000c0f64ce0,0x00000000c4300000)
 Metaspace       used 31265K, committed 32256K, reserved 1114112K
  class space    used 2955K, committed 3392K, reserved 1048576K
}
Event: 5.503 GC heap after
{Heap after GC invocations=14 (full 1):
 PSYoungGen      total 24576K, used 2496K [0x00000000eab00000, 0x00000000ec680000, 0x0000000100000000)
  eden space 22016K, 0% used [0x00000000eab00000,0x00000000eab00000,0x00000000ec080000)
  from space 2560K, 97% used [0x00000000ec300000,0x00000000ec570030,0x00000000ec580000)
  to   space 1024K, 0% used [0x00000000ec580000,0x00000000ec580000,0x00000000ec680000)
 ParOldGen       total 68608K, used 17562K [0x00000000c0000000, 0x00000000c4300000, 0x00000000eab00000)
  object space 68608K, 25% used [0x00000000c0000000,0x00000000c1126a90,0x00000000c4300000)
 Metaspace       used 31265K, committed 32256K, reserved 1114112K
  class space    used 2955K, committed 3392K, reserved 1048576K
}
Event: 5.721 GC heap before
{Heap before GC invocations=15 (full 1):
 PSYoungGen      total 24576K, used 24512K [0x00000000eab00000, 0x00000000ec680000, 0x0000000100000000)
  eden space 22016K, 100% used [0x00000000eab00000,0x00000000ec080000,0x00000000ec080000)
  from space 2560K, 97% used [0x00000000ec300000,0x00000000ec570030,0x00000000ec580000)
  to   space 1024K, 0% used [0x00000000ec580000,0x00000000ec580000,0x00000000ec680000)
 ParOldGen       total 68608K, used 17562K [0x00000000c0000000, 0x00000000c4300000, 0x00000000eab00000)
  object space 68608K, 25% used [0x00000000c0000000,0x00000000c1126a90,0x00000000c4300000)
 Metaspace       used 32066K, committed 33088K, reserved 1114112K
  class space    used 3068K, committed 3520K, reserved 1048576K
}
Event: 5.729 GC heap after
{Heap after GC invocations=15 (full 1):
 PSYoungGen      total 23040K, used 1009K [0x00000000eab00000, 0x00000000eca80000, 0x0000000100000000)
  eden space 22016K, 0% used [0x00000000eab00000,0x00000000eab00000,0x00000000ec080000)
  from space 1024K, 98% used [0x00000000ec580000,0x00000000ec67c400,0x00000000ec680000)
  to   space 5120K, 0% used [0x00000000ec080000,0x00000000ec080000,0x00000000ec580000)
 ParOldGen       total 68608K, used 21261K [0x00000000c0000000, 0x00000000c4300000, 0x00000000eab00000)
  object space 68608K, 30% used [0x00000000c0000000,0x00000000c14c37a0,0x00000000c4300000)
 Metaspace       used 32066K, committed 33088K, reserved 1114112K
  class space    used 3068K, committed 3520K, reserved 1048576K
}
Event: 5.774 GC heap before
{Heap before GC invocations=16 (full 1):
 PSYoungGen      total 23040K, used 23025K [0x00000000eab00000, 0x00000000eca80000, 0x0000000100000000)
  eden space 22016K, 100% used [0x00000000eab00000,0x00000000ec080000,0x00000000ec080000)
  from space 1024K, 98% used [0x00000000ec580000,0x00000000ec67c400,0x00000000ec680000)
  to   space 5120K, 0% used [0x00000000ec080000,0x00000000ec080000,0x00000000ec580000)
 ParOldGen       total 68608K, used 21261K [0x00000000c0000000, 0x00000000c4300000, 0x00000000eab00000)
  object space 68608K, 30% used [0x00000000c0000000,0x00000000c14c37a0,0x00000000c4300000)
 Metaspace       used 32209K, committed 33216K, reserved 1114112K
  class space    used 3091K, committed 3584K, reserved 1048576K
}
Event: 5.778 GC heap after
{Heap after GC invocations=16 (full 1):
 PSYoungGen      total 24576K, used 2466K [0x00000000eab00000, 0x00000000ec780000, 0x0000000100000000)
  eden space 22016K, 0% used [0x00000000eab00000,0x00000000eab00000,0x00000000ec080000)
  from space 2560K, 96% used [0x00000000ec080000,0x00000000ec2e8800,0x00000000ec300000)
  to   space 3584K, 0% used [0x00000000ec400000,0x00000000ec400000,0x00000000ec780000)
 ParOldGen       total 68608K, used 22157K [0x00000000c0000000, 0x00000000c4300000, 0x00000000eab00000)
  object space 68608K, 32% used [0x00000000c0000000,0x00000000c15a37b0,0x00000000c4300000)
 Metaspace       used 32209K, committed 33216K, reserved 1114112K
  class space    used 3091K, committed 3584K, reserved 1048576K
}
Event: 5.875 GC heap before
{Heap before GC invocations=17 (full 1):
 PSYoungGen      total 24576K, used 24482K [0x00000000eab00000, 0x00000000ec780000, 0x0000000100000000)
  eden space 22016K, 100% used [0x00000000eab00000,0x00000000ec080000,0x00000000ec080000)
  from space 2560K, 96% used [0x00000000ec080000,0x00000000ec2e8800,0x00000000ec300000)
  to   space 3584K, 0% used [0x00000000ec400000,0x00000000ec400000,0x00000000ec780000)
 ParOldGen       total 68608K, used 22157K [0x00000000c0000000, 0x00000000c4300000, 0x00000000eab00000)
  object space 68608K, 32% used [0x00000000c0000000,0x00000000c15a37b0,0x00000000c4300000)
 Metaspace       used 32267K, committed 33280K, reserved 1114112K
  class space    used 3099K, committed 3584K, reserved 1048576K
}
Event: 5.880 GC heap after
{Heap after GC invocations=17 (full 1):
 PSYoungGen      total 25088K, used 2596K [0x00000000eab00000, 0x00000000ec700000, 0x0000000100000000)
  eden space 22016K, 0% used [0x00000000eab00000,0x00000000eab00000,0x00000000ec080000)
  from space 3072K, 84% used [0x00000000ec400000,0x00000000ec689000,0x00000000ec700000)
  to   space 3072K, 0% used [0x00000000ec100000,0x00000000ec100000,0x00000000ec400000)
 ParOldGen       total 68608K, used 24333K [0x00000000c0000000, 0x00000000c4300000, 0x00000000eab00000)
  object space 68608K, 35% used [0x00000000c0000000,0x00000000c17c37b0,0x00000000c4300000)
 Metaspace       used 32267K, committed 33280K, reserved 1114112K
  class space    used 3099K, committed 3584K, reserved 1048576K
}
Event: 5.974 GC heap before
{Heap before GC invocations=18 (full 1):
 PSYoungGen      total 25088K, used 24612K [0x00000000eab00000, 0x00000000ec700000, 0x0000000100000000)
  eden space 22016K, 100% used [0x00000000eab00000,0x00000000ec080000,0x00000000ec080000)
  from space 3072K, 84% used [0x00000000ec400000,0x00000000ec689000,0x00000000ec700000)
  to   space 3072K, 0% used [0x00000000ec100000,0x00000000ec100000,0x00000000ec400000)
 ParOldGen       total 68608K, used 24333K [0x00000000c0000000, 0x00000000c4300000, 0x00000000eab00000)
  object space 68608K, 35% used [0x00000000c0000000,0x00000000c17c37b0,0x00000000c4300000)
 Metaspace       used 32486K, committed 33472K, reserved 1114112K
  class space    used 3131K, committed 3584K, reserved 1048576K
}
Event: 5.978 GC heap after
{Heap after GC invocations=18 (full 1):
 PSYoungGen      total 24576K, used 2368K [0x00000000eab00000, 0x00000000ec580000, 0x0000000100000000)
  eden space 22016K, 0% used [0x00000000eab00000,0x00000000eab00000,0x00000000ec080000)
  from space 2560K, 92% used [0x00000000ec100000,0x00000000ec350010,0x00000000ec380000)
  to   space 2048K, 0% used [0x00000000ec380000,0x00000000ec380000,0x00000000ec580000)
 ParOldGen       total 68608K, used 26739K [0x00000000c0000000, 0x00000000c4300000, 0x00000000eab00000)
  object space 68608K, 38% used [0x00000000c0000000,0x00000000c1a1cdd8,0x00000000c4300000)
 Metaspace       used 32486K, committed 33472K, reserved 1114112K
  class space    used 3131K, committed 3584K, reserved 1048576K
}
Event: 6.215 GC heap before
{Heap before GC invocations=19 (full 1):
 PSYoungGen      total 24576K, used 24384K [0x00000000eab00000, 0x00000000ec580000, 0x0000000100000000)
  eden space 22016K, 100% used [0x00000000eab00000,0x00000000ec080000,0x00000000ec080000)
  from space 2560K, 92% used [0x00000000ec100000,0x00000000ec350010,0x00000000ec380000)
  to   space 2048K, 0% used [0x00000000ec380000,0x00000000ec380000,0x00000000ec580000)
 ParOldGen       total 68608K, used 26739K [0x00000000c0000000, 0x00000000c4300000, 0x00000000eab00000)
  object space 68608K, 38% used [0x00000000c0000000,0x00000000c1a1cdd8,0x00000000c4300000)
 Metaspace       used 33533K, committed 34560K, reserved 1114112K
  class space    used 3256K, committed 3776K, reserved 1048576K
}
Event: 6.219 GC heap after
{Heap after GC invocations=19 (full 1):
 PSYoungGen      total 24064K, used 1728K [0x00000000eab00000, 0x00000000ec580000, 0x0000000100000000)
  eden space 22016K, 0% used [0x00000000eab00000,0x00000000eab00000,0x00000000ec080000)
  from space 2048K, 84% used [0x00000000ec380000,0x00000000ec530000,0x00000000ec580000)
  to   space 2048K, 0% used [0x00000000ec180000,0x00000000ec180000,0x00000000ec380000)
 ParOldGen       total 68608K, used 28971K [0x00000000c0000000, 0x00000000c4300000, 0x00000000eab00000)
  object space 68608K, 42% used [0x00000000c0000000,0x00000000c1c4ade8,0x00000000c4300000)
 Metaspace       used 33533K, committed 34560K, reserved 1114112K
  class space    used 3256K, committed 3776K, reserved 1048576K
}
Event: 6.365 GC heap before
{Heap before GC invocations=20 (full 1):
 PSYoungGen      total 24064K, used 12222K [0x00000000eab00000, 0x00000000ec580000, 0x0000000100000000)
  eden space 22016K, 47% used [0x00000000eab00000,0x00000000eb53f948,0x00000000ec080000)
  from space 2048K, 84% used [0x00000000ec380000,0x00000000ec530000,0x00000000ec580000)
  to   space 2048K, 0% used [0x00000000ec180000,0x00000000ec180000,0x00000000ec380000)
 ParOldGen       total 68608K, used 28971K [0x00000000c0000000, 0x00000000c4300000, 0x00000000eab00000)
  object space 68608K, 42% used [0x00000000c0000000,0x00000000c1c4ade8,0x00000000c4300000)
 Metaspace       used 34712K, committed 35840K, reserved 1114112K
  class space    used 3398K, committed 3968K, reserved 1048576K
}
Event: 6.368 GC heap after
{Heap after GC invocations=20 (full 1):
 PSYoungGen      total 24064K, used 1679K [0x00000000eab00000, 0x00000000ec480000, 0x0000000100000000)
  eden space 22016K, 0% used [0x00000000eab00000,0x00000000eab00000,0x00000000ec080000)
  from space 2048K, 82% used [0x00000000ec180000,0x00000000ec323ea0,0x00000000ec380000)
  to   space 1024K, 0% used [0x00000000ec380000,0x00000000ec380000,0x00000000ec480000)
 ParOldGen       total 68608K, used 30504K [0x00000000c0000000, 0x00000000c4300000, 0x00000000eab00000)
  object space 68608K, 44% used [0x00000000c0000000,0x00000000c1dca3c8,0x00000000c4300000)
 Metaspace       used 34712K, committed 35840K, reserved 1114112K
  class space    used 3398K, committed 3968K, reserved 1048576K
}
Event: 6.368 GC heap before
{Heap before GC invocations=21 (full 2):
 PSYoungGen      total 24064K, used 1679K [0x00000000eab00000, 0x00000000ec480000, 0x0000000100000000)
  eden space 22016K, 0% used [0x00000000eab00000,0x00000000eab00000,0x00000000ec080000)
  from space 2048K, 82% used [0x00000000ec180000,0x00000000ec323ea0,0x00000000ec380000)
  to   space 1024K, 0% used [0x00000000ec380000,0x00000000ec380000,0x00000000ec480000)
 ParOldGen       total 68608K, used 30504K [0x00000000c0000000, 0x00000000c4300000, 0x00000000eab00000)
  object space 68608K, 44% used [0x00000000c0000000,0x00000000c1dca3c8,0x00000000c4300000)
 Metaspace       used 34712K, committed 35840K, reserved 1114112K
  class space    used 3398K, committed 3968K, reserved 1048576K
}

